<html>
<body>
<pre>
<h1>µVision Build Log</h1>
<h2>Tool Versions:</h2>
IDE-Version: µVision V5.21.1.0
Copyright (C) 2016 ARM Ltd and ARM Germany GmbH. All rights reserved.
License Information: Pablo USER, NA, LIC=----
 
Tool Versions:
Toolchain:       MDK-Lite  Version: 5.21a
Toolchain Path:  C:\Keil_v5\ARM\ARMCC\Bin
C Compiler:      Armcc.exe V5.06 update 3 (build 300)
Assembler:       Armasm.exe V5.06 update 3 (build 300)
Linker/Locator:  ArmLink.exe V5.06 update 3 (build 300)
Library Manager: ArmAr.exe V5.06 update 3 (build 300)
Hex Converter:   FromElf.exe V5.06 update 3 (build 300)
CPU DLL:         SARMCM3.DLL V5.21a
Dialog DLL:      DCM.DLL V1.13.8.0
Target DLL:      lmidk-agdi.dll V???
Dialog DLL:      TCM.DLL V1.14.14.0
 
<h2>Project:</h2>
C:\ti\TivaWare_C_Series-2.1.4.178\examples\boards\my_projects\project4\my_project.uvprojx
Project File Date:  11/13/2017

<h2>Output:</h2>
*** Using Compiler 'V5.06 update 3 (build 300)', folder: 'C:\Keil_v5\ARM\ARMCC\Bin'
Rebuild target 'Target 1'
assembling startup_rvmdk.S...
assembling my_Constants.s...
assembling main.s...
main.s(376): error: A1110E: Expected constant expression
main.s(383): error: A1110E: Expected constant expression
main.s(450): error: A1477E: This register combination results in UNPREDICTABLE behaviour
main.s(501): error: A1477E: This register combination results in UNPREDICTABLE behaviour
main.s(511): error: A1477E: This register combination results in UNPREDICTABLE behaviour
main.s(523): error: A1477E: This register combination results in UNPREDICTABLE behaviour
main.s(571): error: A1477E: This register combination results in UNPREDICTABLE behaviour
main.s(581): error: A1477E: This register combination results in UNPREDICTABLE behaviour
main.s(593): error: A1477E: This register combination results in UNPREDICTABLE behaviour
main.s(619): error: A1477E: This register combination results in UNPREDICTABLE behaviour
assembling my_Variables.s...
".\Objects\my_project.axf" - 10 Error(s), 0 Warning(s).

<h2>Collection of Component include folders:</h2>
  C:\ti\TivaWare_C_Series-2.1.4.178\examples\boards\my_projects\project4\RTE
  C:\Keil_v5\ARM\PACK\Keil\TM4C_DFP\1.1.0\Device\Include\TM4C123

<h2>Collection of Component Files used:</h2>
Target not created.
Build Time Elapsed:  00:00:00
</pre>
</body>
</html>
